<?xml version="1.0" encoding="UTF-8"?>
<testng-results ignored="0" total="1" passed="1" failed="0" skipped="0">
  <reporter-output>
  </reporter-output>
  <suite started-at="2024-08-31T21:28:57 IST" name="Default suite" finished-at="2024-08-31T21:29:39 IST" duration-ms="42787">
    <groups>
      <group name="cucumber">
        <method signature="AbstractTestNGCucumberTests.runScenario(io.cucumber.testng.PickleWrapper,io.cucumber.testng.FeatureWrapper)[pri:0, instance:temp1.TestNGRunnerTest@77f1baf5]" name="runScenario" class="io.cucumber.testng.AbstractTestNGCucumberTests"/>
      </group> <!-- cucumber -->
    </groups>
    <test started-at="2024-08-31T21:28:57 IST" name="Default test" finished-at="2024-08-31T21:29:39 IST" duration-ms="42787">
      <class name="temp1.TestNGRunnerTest">
        <test-method is-config="true" signature="setUpClass(org.testng.ITestContext)[pri:0, instance:temp1.TestNGRunnerTest@77f1baf5]" started-at="2024-08-31T21:28:57 IST" name="setUpClass" finished-at="2024-08-31T21:28:59 IST" duration-ms="2204" status="PASS">
          <params>
            <param index="0">
              <value>
                <![CDATA[org.testng.TestRunner@711d1a52]]>
              </value>
            </param>
          </params>
          <reporter-output>
          </reporter-output>
        </test-method> <!-- setUpClass -->
        <test-method signature="runScenario(io.cucumber.testng.PickleWrapper,io.cucumber.testng.FeatureWrapper)[pri:0, instance:temp1.TestNGRunnerTest@77f1baf5]" started-at="2024-08-31T21:28:59 IST" name="runScenario" description="Runs Cucumber Scenarios" data-provider="scenarios" finished-at="2024-08-31T21:29:39 IST" duration-ms="40329" status="PASS">
          <params>
            <param index="0">
              <value>
                <![CDATA["this is my scenario"]]>
              </value>
            </param>
            <param index="1">
              <value>
                <![CDATA["this is the second feature"]]>
              </value>
            </param>
          </params>
          <reporter-output>
          </reporter-output>
        </test-method> <!-- runScenario -->
        <test-method is-config="true" signature="tearDownClass()[pri:0, instance:temp1.TestNGRunnerTest@77f1baf5]" started-at="2024-08-31T21:29:39 IST" name="tearDownClass" finished-at="2024-08-31T21:29:39 IST" duration-ms="107" status="PASS">
          <reporter-output>
          </reporter-output>
        </test-method> <!-- tearDownClass -->
      </class> <!-- temp1.TestNGRunnerTest -->
    </test> <!-- Default test -->
  </suite> <!-- Default suite -->
</testng-results>
